<?xml version="1.0" encoding="UTF-8"?>
<testsuite name="TestBankAccount" time="0.014" tests="2" errors="0" skipped="0" failures="1">
  <properties>
[...]
</properties>
  <testcase name="testDebitWithInSufficientFunds" classname="TestBankAccount" time="0.014">
    <failure message="expected:&lt;10.0&gt; but was:&lt;5.0&gt;" type="junit.framework.AssertionFailedError"><![CDATA[junit.framework.AssertionFailedError: expected:<10.0> but was:<5.0>
	at junit.framework.Assert.fail(Assert.java:57)
	at junit.framework.Assert.failNotEquals(Assert.java:329)
	at junit.framework.Assert.assertEquals(Assert.java:78)
	at junit.framework.Assert.assertEquals(Assert.java:86)
	at TestBankAccount.testDebitWithInSufficientFunds(TestBankAccount.java:23)
]]></failure>
  </testcase>
  <testcase name="testDebitWithSufficientFunds" classname="TestBankAccount" time="0"/>
</testsuite>